2025-02-28 19:15:00 | DEBUG | repo=pv243-a4m36jee-2018-security-seminar | action=commit
2025-08-02 16:41:00 | INFO | repo=pv243-a4m36jee-2018-security-seminar | action=commit
2025-04-01 07:39:00 | INFO | repo=pv243-a4m36jee-2018-security-seminar | action=commit
2025-06-28 15:05:00 | DEBUG | repo=pv243-a4m36jee-2018-security-seminar | action=edit | files=3
2025-11-13 08:19:00 | DEBUG | repo=pv243-a4m36jee-2018-security-seminar | action=commit
2025-06-03 17:22:00 | DEBUG | repo=pv243-a4m36jee-2018-security-seminar | action=commit
2025-12-27 13:26:00 | INFO | repo=pv243-a4m36jee-2018-security-seminar | action=test | passed=true
2025-03-04 18:52:00 | DEBUG | repo=pv243-a4m36jee-2018-security-seminar | action=commit
2025-07-20 14:40:00 | WARN | repo=pv243-a4m36jee-2018-security-seminar | action=commit
2025-04-16 17:32:00 | DEBUG | repo=pv243-a4m36jee-2018-security-seminar | action=test | passed=true
2025-12-28 21:12:00 | DEBUG | repo=pv243-a4m36jee-2018-security-seminar | action=commit
2025-06-02 13:46:00 | WARN | repo=pv243-a4m36jee-2018-security-seminar | action=commit
2025-12-17 10:33:00 | DEBUG | repo=pv243-a4m36jee-2018-security-seminar | action=commit
2025-07-22 19:23:00 | WARN | repo=pv243-a4m36jee-2018-security-seminar | action=commit
2025-09-10 15:14:00 | DEBUG | repo=pv243-a4m36jee-2018-security-seminar | action=commit
2025-10-09 20:31:00 | WARN | repo=pv243-a4m36jee-2018-security-seminar | action=commit
2025-10-10 15:52:00 | INFO | repo=pv243-a4m36jee-2018-security-seminar | action=edit | files=3
2025-04-09 21:53:00 | DEBUG | repo=pv243-a4m36jee-2018-security-seminar | action=commit
2025-06-21 13:59:00 | WARN | repo=pv243-a4m36jee-2018-security-seminar | action=commit
2025-04-01 13:49:00 | INFO | repo=pv243-a4m36jee-2018-security-seminar | action=commit
2025-03-24 18:50:00 | INFO | repo=pv243-a4m36jee-2018-security-seminar | action=commit
